2017-01-11T13:16:49: ********************************************************************************
2017-01-11T13:16:49: *                                     ctbin                                    *
2017-01-11T13:16:49: * ---------------------------------------------------------------------------- *
2017-01-11T13:16:49: * Version: 1.1.0                                                               *
2017-01-11T13:16:49: ********************************************************************************
2017-01-11T13:17:27: +============+
2017-01-11T13:17:27: | Parameters |
2017-01-11T13:17:27: +============+
2017-01-11T13:17:27:  inobs .....................: /Users/gateflorian/Documents/CTAtools/Script/out/events.fits
2017-01-11T13:17:27:  outcube ...................: cntcube.fits
2017-01-11T13:17:27:  ebinalg ...................: LOG
2017-01-11T13:17:27:  emin ......................: 0.1
2017-01-11T13:17:27:  emax ......................: 100.0
2017-01-11T13:17:27:  enumbins ..................: 20
2017-01-11T13:17:27:  ebinfile ..................: [not queried]
2017-01-11T13:17:27:  usepnt ....................: no
2017-01-11T13:17:27:  nxpix .....................: 200
2017-01-11T13:17:27:  nypix .....................: 200
2017-01-11T13:17:27:  binsz .....................: 0.02
2017-01-11T13:17:27:  coordsys ..................: CEL
2017-01-11T13:17:27:  xref ......................: 83.63
2017-01-11T13:17:27:  yref ......................: 22.01
2017-01-11T13:17:27:  proj ......................: CAR
2017-01-11T13:17:27:  publish ...................: no
2017-01-11T13:17:27:  chatter ...................: 2
2017-01-11T13:17:27:  clobber ...................: yes
2017-01-11T13:17:27:  debug .....................: no
2017-01-11T13:17:27:  mode ......................: ql
2017-01-11T13:17:27:  logfile ...................: ctbin.log
2017-01-11T13:17:27: 
2017-01-11T13:17:27: +=============+
2017-01-11T13:17:27: | Observation |
2017-01-11T13:17:27: +=============+
2017-01-11T13:17:27: === GObservations ===
2017-01-11T13:17:27:  Number of observations ....: 1
2017-01-11T13:17:27:  Number of models ..........: 0
2017-01-11T13:17:27:  Number of observed events .: 23025
2017-01-11T13:17:27:  Number of predicted events : 0
2017-01-11T13:17:27: 
2017-01-11T13:17:27: +=================+
2017-01-11T13:17:27: | Bin observation |
2017-01-11T13:17:27: +=================+
2017-01-11T13:17:27: === CTA observation ===
2017-01-11T13:17:27:  Events in list ............: 23025
2017-01-11T13:17:27:  Events in cube ............: 18525
2017-01-11T13:17:27:  Event bins outside RoI ....: 0
2017-01-11T13:17:27:  Events outside cube area ..: 4500
2017-01-11T13:17:27:  Events outside energy bins : 0
2017-01-11T13:17:27: 
2017-01-11T13:17:27: +====================+
2017-01-11T13:17:27: | Binned observation |
2017-01-11T13:17:27: +====================+
2017-01-11T13:17:27: === GObservations ===
2017-01-11T13:17:27:  Number of observations ....: 1
2017-01-11T13:17:27:  Number of models ..........: 0
2017-01-11T13:17:27:  Number of observed events .: 18525
2017-01-11T13:17:27:  Number of predicted events : 0
2017-01-11T13:17:27: 
2017-01-11T13:17:27: +==================+
2017-01-11T13:17:27: | Save counts cube |
2017-01-11T13:17:27: +==================+
2017-01-11T13:17:27:  Counts cube file ..........: cntcube.fits
2017-01-11T13:17:27: 
2017-01-11T13:17:27: Application "ctbin" terminated after 38 wall clock seconds, consuming 0.343198 seconds of CPU time.
