2017-01-11T13:14:47: ********************************************************************************
2017-01-11T13:14:47: *                                   ctobssim                                   *
2017-01-11T13:14:47: * ---------------------------------------------------------------------------- *
2017-01-11T13:14:47: * Version: 1.1.0                                                               *
2017-01-11T13:14:47: ********************************************************************************
2017-01-11T13:16:33: +============+
2017-01-11T13:16:33: | Parameters |
2017-01-11T13:16:33: +============+
2017-01-11T13:16:33:  inobs .....................: NONE
2017-01-11T13:16:33:  inmodel ...................: /Users/gateflorian/Documents/CTAtools/Script/out/crab.xml
2017-01-11T13:16:33:  caldb .....................: prod2
2017-01-11T13:16:33:  irf .......................: South_0.5h
2017-01-11T13:16:33:  edisp .....................: no
2017-01-11T13:16:33:  outevents .................: /Users/gateflorian/Documents/CTAtools/Script/out/events.fits
2017-01-11T13:16:33:  prefix ....................: sim_events_
2017-01-11T13:16:33:  seed ......................: 1
2017-01-11T13:16:33:  ra ........................: 83.63
2017-01-11T13:16:33:  dec .......................: 22.01
2017-01-11T13:16:33:  rad .......................: 5.0
2017-01-11T13:16:33:  tmin ......................: 0
2017-01-11T13:16:33:  tmax ......................: 1800.0
2017-01-11T13:16:33:  emin ......................: 0.1
2017-01-11T13:16:33:  emax ......................: 100.0
2017-01-11T13:16:33:  deadc .....................: 0.95
2017-01-11T13:16:33:  maxrate ...................: 1.0e6
2017-01-11T13:16:33:  eslices ...................: 10
2017-01-11T13:16:33:  chatter ...................: 2
2017-01-11T13:16:33:  clobber ...................: yes
2017-01-11T13:16:33:  debug .....................: no
2017-01-11T13:16:33:  mode ......................: ql
2017-01-11T13:16:33:  logfile ...................: ctobssim.log
2017-01-11T13:16:33: 
2017-01-11T13:16:33: +================+
2017-01-11T13:16:33: | Execution mode |
2017-01-11T13:16:33: +================+
2017-01-11T13:16:33:  Event list management .....: Save and dispose (reduces memory needs)
2017-01-11T13:16:33:  Output format .............: Write single event list FITS file
2017-01-11T13:16:33: 
2017-01-11T13:16:33: +=============+
2017-01-11T13:16:33: | Seed values |
2017-01-11T13:16:33: +=============+
2017-01-11T13:16:33:  Seed 0 ....................: 9717486569
2017-01-11T13:16:33: 
2017-01-11T13:16:33: +=============+
2017-01-11T13:16:33: | Observation |
2017-01-11T13:16:33: +=============+
2017-01-11T13:16:33: === GObservations ===
2017-01-11T13:16:33:  Number of observations ....: 1
2017-01-11T13:16:33:  Number of models ..........: 2
2017-01-11T13:16:33:  Number of observed events .: 0
2017-01-11T13:16:33:  Number of predicted events : 0
2017-01-11T13:16:33: 
2017-01-11T13:16:33: +======================+
2017-01-11T13:16:33: | Simulate observation |
2017-01-11T13:16:33: +======================+
2017-01-11T13:16:33: === CTA observation ===
2017-01-11T13:16:33:  Simulation cone ...........: RA=83.63 deg, Dec=22.01 deg, radius=5.5 deg
2017-01-11T13:16:33:  Time interval .............: 0 - 1800 s
2017-01-11T13:16:33:  Photon energy range .......: 100 GeV - 199.526 GeV
2017-01-11T13:16:33:  Event energy range ........: 100 GeV - 199.526 GeV
2017-01-11T13:16:33:   Simulation area ..........: 5.75561e+09 cm2
2017-01-11T13:16:33:   Use model ................: Crab
2017-01-11T13:16:33:   Normalization ............: 1 [Crab]
2017-01-11T13:16:33:   Flux .....................: 3.76031e-10 [Crab] photons/cm2/s
2017-01-11T13:16:33:   Normalized flux ..........: 3.76031e-10 [Crab] photons/cm2/s
2017-01-11T13:16:33:   Photon rate ..............: 2.16429 photons/s [Crab]
2017-01-11T13:16:33:   MC source photons ........: 3889 [Crab]
2017-01-11T13:16:33:   MC source events .........: 1226 [Crab]
2017-01-11T13:16:33:   MC source events .........: 1226 (all source models)
2017-01-11T13:16:33:  Photon energy range .......: 199.526 GeV - 398.107 GeV
2017-01-11T13:16:33:  Event energy range ........: 199.526 GeV - 398.107 GeV
2017-01-11T13:16:33:   Simulation area ..........: 1.13576e+10 cm2
2017-01-11T13:16:33:   Use model ................: Crab
2017-01-11T13:16:33:   Normalization ............: 1 [Crab]
2017-01-11T13:16:33:   Flux .....................: 1.35277e-10 [Crab] photons/cm2/s
2017-01-11T13:16:33:   Normalized flux ..........: 1.35277e-10 [Crab] photons/cm2/s
2017-01-11T13:16:33:   Photon rate ..............: 1.53642 photons/s [Crab]
2017-01-11T13:16:33:   MC source photons ........: 2838 [Crab]
2017-01-11T13:16:33:   MC source events .........: 986 [Crab]
2017-01-11T13:16:33:   MC source events .........: 986 (all source models)
2017-01-11T13:16:33:  Photon energy range .......: 398.107 GeV - 794.328 GeV
2017-01-11T13:16:33:  Event energy range ........: 398.107 GeV - 794.328 GeV
2017-01-11T13:16:33:   Simulation area ..........: 2.02963e+10 cm2
2017-01-11T13:16:33:   Use model ................: Crab
2017-01-11T13:16:33:   Normalization ............: 1 [Crab]
2017-01-11T13:16:33:   Flux .....................: 4.86658e-11 [Crab] photons/cm2/s
2017-01-11T13:16:33:   Normalized flux ..........: 4.86658e-11 [Crab] photons/cm2/s
2017-01-11T13:16:33:   Photon rate ..............: 0.987737 photons/s [Crab]
2017-01-11T13:16:33:   MC source photons ........: 1771 [Crab]
2017-01-11T13:16:33:   MC source events .........: 618 [Crab]
2017-01-11T13:16:33:   MC source events .........: 618 (all source models)
2017-01-11T13:16:33:  Photon energy range .......: 794.328 GeV - 1.58489 TeV
2017-01-11T13:16:33:  Event energy range ........: 794.328 GeV - 1.58489 TeV
2017-01-11T13:16:33:   Simulation area ..........: 3.61308e+10 cm2
2017-01-11T13:16:33:   Use model ................: Crab
2017-01-11T13:16:33:   Normalization ............: 1 [Crab]
2017-01-11T13:16:33:   Flux .....................: 1.75075e-11 [Crab] photons/cm2/s
2017-01-11T13:16:33:   Normalized flux ..........: 1.75075e-11 [Crab] photons/cm2/s
2017-01-11T13:16:33:   Photon rate ..............: 0.63256 photons/s [Crab]
2017-01-11T13:16:33:   MC source photons ........: 1176 [Crab]
2017-01-11T13:16:33:   MC source events .........: 419 [Crab]
2017-01-11T13:16:33:   MC source events .........: 419 (all source models)
2017-01-11T13:16:33:  Photon energy range .......: 1.58489 TeV - 3.16228 TeV
2017-01-11T13:16:33:  Event energy range ........: 1.58489 TeV - 3.16228 TeV
2017-01-11T13:16:33:   Simulation area ..........: 5.53917e+10 cm2
2017-01-11T13:16:33:   Use model ................: Crab
2017-01-11T13:16:33:   Normalization ............: 1 [Crab]
2017-01-11T13:16:33:   Flux .....................: 6.29831e-12 [Crab] photons/cm2/s
2017-01-11T13:16:33:   Normalized flux ..........: 6.29831e-12 [Crab] photons/cm2/s
2017-01-11T13:16:33:   Photon rate ..............: 0.348874 photons/s [Crab]
2017-01-11T13:16:33:   MC source photons ........: 639 [Crab]
2017-01-11T13:16:33:   MC source events .........: 253 [Crab]
2017-01-11T13:16:33:   MC source events .........: 253 (all source models)
2017-01-11T13:16:33:  Photon energy range .......: 3.16228 TeV - 6.30957 TeV
2017-01-11T13:16:33:  Event energy range ........: 3.16228 TeV - 6.30957 TeV
2017-01-11T13:16:33:   Simulation area ..........: 7.06201e+10 cm2
2017-01-11T13:16:33:   Use model ................: Crab
2017-01-11T13:16:33:   Normalization ............: 1 [Crab]
2017-01-11T13:16:33:   Flux .....................: 2.26581e-12 [Crab] photons/cm2/s
2017-01-11T13:16:33:   Normalized flux ..........: 2.26581e-12 [Crab] photons/cm2/s
2017-01-11T13:16:33:   Photon rate ..............: 0.160012 photons/s [Crab]
2017-01-11T13:16:33:   MC source photons ........: 271 [Crab]
2017-01-11T13:16:33:   MC source events .........: 104 [Crab]
2017-01-11T13:16:33:   MC source events .........: 104 (all source models)
2017-01-11T13:16:33:  Photon energy range .......: 6.30957 TeV - 12.5893 TeV
2017-01-11T13:16:33:  Event energy range ........: 6.30957 TeV - 12.5893 TeV
2017-01-11T13:16:33:   Simulation area ..........: 7.88321e+10 cm2
2017-01-11T13:16:33:   Use model ................: Crab
2017-01-11T13:16:33:   Normalization ............: 1 [Crab]
2017-01-11T13:16:33:   Flux .....................: 8.15124e-13 [Crab] photons/cm2/s
2017-01-11T13:16:33:   Normalized flux ..........: 8.15124e-13 [Crab] photons/cm2/s
2017-01-11T13:16:33:   Photon rate ..............: 0.064258 photons/s [Crab]
2017-01-11T13:16:33:   MC source photons ........: 121 [Crab]
2017-01-11T13:16:33:   MC source events .........: 56 [Crab]
2017-01-11T13:16:33:   MC source events .........: 56 (all source models)
2017-01-11T13:16:33:  Photon energy range .......: 12.5893 TeV - 25.1189 TeV
2017-01-11T13:16:33:  Event energy range ........: 12.5893 TeV - 25.1189 TeV
2017-01-11T13:16:33:   Simulation area ..........: 8.05758e+10 cm2
2017-01-11T13:16:33:   Use model ................: Crab
2017-01-11T13:16:33:   Normalization ............: 1 [Crab]
2017-01-11T13:16:33:   Flux .....................: 2.9324e-13 [Crab] photons/cm2/s
2017-01-11T13:16:33:   Normalized flux ..........: 2.9324e-13 [Crab] photons/cm2/s
2017-01-11T13:16:33:   Photon rate ..............: 0.0236281 photons/s [Crab]
2017-01-11T13:16:33:   MC source photons ........: 30 [Crab]
2017-01-11T13:16:33:   MC source events .........: 15 [Crab]
2017-01-11T13:16:33:   MC source events .........: 15 (all source models)
2017-01-11T13:16:33:  Photon energy range .......: 25.1189 TeV - 50.1187 TeV
2017-01-11T13:16:33:  Event energy range ........: 25.1189 TeV - 50.1187 TeV
2017-01-11T13:16:33:   Simulation area ..........: 8.10299e+10 cm2
2017-01-11T13:16:33:   Use model ................: Crab
2017-01-11T13:16:33:   Normalization ............: 1 [Crab]
2017-01-11T13:16:33:   Flux .....................: 1.05493e-13 [Crab] photons/cm2/s
2017-01-11T13:16:33:   Normalized flux ..........: 1.05493e-13 [Crab] photons/cm2/s
2017-01-11T13:16:33:   Photon rate ..............: 0.0085481 photons/s [Crab]
2017-01-11T13:16:33:   MC source photons ........: 21 [Crab]
2017-01-11T13:16:33:   MC source events .........: 7 [Crab]
2017-01-11T13:16:33:   MC source events .........: 7 (all source models)
2017-01-11T13:16:33:  Photon energy range .......: 50.1187 TeV - 100 TeV
2017-01-11T13:16:33:  Event energy range ........: 50.1187 TeV - 100 TeV
2017-01-11T13:16:33:   Simulation area ..........: 8.25584e+10 cm2
2017-01-11T13:16:33:   Use model ................: Crab
2017-01-11T13:16:33:   Normalization ............: 1 [Crab]
2017-01-11T13:16:33:   Flux .....................: 3.79511e-14 [Crab] photons/cm2/s
2017-01-11T13:16:33:   Normalized flux ..........: 3.79511e-14 [Crab] photons/cm2/s
2017-01-11T13:16:33:   Photon rate ..............: 0.00313318 photons/s [Crab]
2017-01-11T13:16:33:   MC source photons ........: 3 [Crab]
2017-01-11T13:16:33:   MC source events .........: 2 [Crab]
2017-01-11T13:16:33:   MC source events .........: 2 (all source models)
2017-01-11T13:16:33:  MC source photons .........: 10759 [Crab]
2017-01-11T13:16:33:  MC source events ..........: 3686 [Crab]
2017-01-11T13:16:43:  MC events outside ROI .....: 0
2017-01-11T13:16:43:  MC background events ......: 19339
2017-01-11T13:16:43:  MC events .................: 23025 (all models)
2017-01-11T13:16:43: 
2017-01-11T13:16:43: +==================+
2017-01-11T13:16:43: | Save observation |
2017-01-11T13:16:43: +==================+
2017-01-11T13:16:43: 
2017-01-11T13:16:43: Application "ctobssim" terminated after 116 wall clock seconds, consuming 9.64161 seconds of CPU time.
